TN:
SF:client/src/components/Button.jsx
FN:4,(anonymous_0)
FNF:1
FNH:1
FNDA:12,(anonymous_0)
DA:4,1
DA:14,12
DA:15,12
DA:16,12
DA:17,12
DA:19,12
DA:29,12
LF:7
LH:7
BRDA:6,0,0,9
BRDA:7,1,0,9
BRDA:8,2,0,10
BRDA:16,3,0,2
BRDA:16,3,1,10
BRF:5
BRH:5
end_of_record
TN:
SF:server/src/app.js
FN:14,(anonymous_0)
FN:33,(anonymous_1)
FN:38,(anonymous_2)
FN:61,(anonymous_3)
FN:83,(anonymous_4)
FN:102,(anonymous_5)
FN:133,(anonymous_6)
FNF:7
FNH:6
FNDA:8,(anonymous_0)
FNDA:0,(anonymous_1)
FNDA:2,(anonymous_2)
FNDA:4,(anonymous_3)
FNDA:2,(anonymous_4)
FNDA:2,(anonymous_5)
FNDA:1,(anonymous_6)
DA:2,1
DA:3,1
DA:4,1
DA:5,1
DA:6,1
DA:8,1
DA:11,1
DA:14,1
DA:15,8
DA:16,8
DA:17,3
DA:20,5
DA:21,5
DA:22,5
DA:23,0
DA:26,5
DA:27,5
DA:33,1
DA:34,0
DA:38,1
DA:39,2
DA:40,2
DA:43,2
DA:44,1
DA:47,1
DA:54,1
DA:56,0
DA:61,1
DA:62,4
DA:63,4
DA:64,4
DA:66,4
DA:67,4
DA:68,1
DA:71,4
DA:76,4
DA:78,0
DA:83,1
DA:84,2
DA:85,2
DA:86,0
DA:89,2
DA:91,2
DA:92,1
DA:95,1
DA:97,0
DA:102,1
DA:103,2
DA:104,2
DA:105,0
DA:108,2
DA:110,2
DA:111,0
DA:115,2
DA:116,1
DA:120,1
DA:121,1
DA:122,1
DA:123,1
DA:125,1
DA:126,1
DA:128,0
DA:133,1
DA:134,1
DA:135,1
DA:136,0
DA:139,1
DA:141,1
DA:142,0
DA:146,1
DA:147,0
DA:150,1
DA:151,1
DA:153,0
DA:157,1
LF:75
LH:62
BRDA:16,0,0,3
BRDA:16,0,1,5
BRDA:16,1,0,8
BRDA:16,1,1,5
BRDA:22,2,0,0
BRDA:22,2,1,5
BRDA:43,3,0,1
BRDA:43,3,1,1
BRDA:43,4,0,2
BRDA:43,4,1,1
BRDA:63,5,0,2
BRDA:63,6,0,2
BRDA:67,7,0,1
BRDA:67,7,1,3
BRDA:85,8,0,0
BRDA:85,8,1,2
BRDA:91,9,0,1
BRDA:91,9,1,1
BRDA:104,10,0,0
BRDA:104,10,1,2
BRDA:110,11,0,0
BRDA:110,11,1,2
BRDA:115,12,0,1
BRDA:115,12,1,1
BRDA:121,13,0,1
BRDA:121,13,1,0
BRDA:122,14,0,1
BRDA:122,14,1,0
BRDA:123,15,0,0
BRDA:123,15,1,1
BRDA:135,16,0,0
BRDA:135,16,1,1
BRDA:141,17,0,0
BRDA:141,17,1,1
BRDA:146,18,0,0
BRDA:146,18,1,1
BRF:36
BRH:26
end_of_record
TN:
SF:server/src/models/Post.js
FNF:0
FNH:0
DA:2,1
DA:4,1
DA:15,1
LF:3
LH:3
BRF:0
BRH:0
end_of_record
TN:
SF:server/src/models/User.js
FNF:0
FNH:0
DA:2,1
DA:4,1
DA:13,1
LF:3
LH:3
BRF:0
BRH:0
end_of_record
TN:
SF:server/src/utils/auth.js
FN:6,(anonymous_0)
FN:10,(anonymous_1)
FNF:2
FNH:2
FNDA:2,(anonymous_0)
FNDA:5,(anonymous_1)
DA:2,1
DA:4,1
DA:6,1
DA:7,2
DA:10,1
DA:11,5
DA:12,5
DA:14,0
DA:18,1
LF:9
LH:8
BRDA:4,0,0,1
BRDA:4,0,1,1
BRF:2
BRH:2
end_of_record
